<?xml version="1.0" encoding="UTF-8"?>
<testng-results ignored="0" total="1" passed="1" failed="0" skipped="0">
  <reporter-output>
  </reporter-output>
  <suite started-at="2022-12-22T01:29:42 IST" name="Default suite" finished-at="2022-12-22T01:29:56 IST" duration-ms="14514">
    <groups>
    </groups>
    <test started-at="2022-12-22T01:29:42 IST" name="Default test" finished-at="2022-12-22T01:29:56 IST" duration-ms="14514">
      <class name="com.project1.scripts.LoginTest">
        <test-method is-config="true" signature="onSetup()[pri:0, instance:com.project1.scripts.LoginTest@34a3d150]" started-at="2022-12-22T01:29:42 IST" name="onSetup" finished-at="2022-12-22T01:29:49 IST" duration-ms="7262" status="PASS">
          <reporter-output>
          </reporter-output>
        </test-method> <!-- onSetup -->
        <test-method signature="VerifyLogin()[pri:0, instance:com.project1.scripts.LoginTest@34a3d150]" started-at="2022-12-22T01:29:49 IST" name="VerifyLogin" finished-at="2022-12-22T01:29:56 IST" duration-ms="7194" status="PASS">
          <reporter-output>
          </reporter-output>
        </test-method> <!-- VerifyLogin -->
      </class> <!-- com.project1.scripts.LoginTest -->
    </test> <!-- Default test -->
  </suite> <!-- Default suite -->
</testng-results>
