<?xml version="1.0" encoding="UTF-8"?>
<testng-results ignored="0" total="1" passed="1" failed="0" skipped="0">
  <reporter-output>
  </reporter-output>
  <suite started-at="2022-10-20T00:56:47 IST" name="Default suite" finished-at="2022-10-20T00:56:58 IST" duration-ms="10119">
    <groups>
    </groups>
    <test started-at="2022-10-20T00:56:47 IST" name="Default test" finished-at="2022-10-20T00:56:58 IST" duration-ms="10119">
      <class name="com.rediff.testng.Redifftest">
        <test-method is-config="true" signature="Baseclass()[pri:0, instance:com.rediff.testng.Redifftest@1b1473ab]" started-at="2022-10-20T00:56:47 IST" name="Baseclass" finished-at="2022-10-20T00:56:51 IST" duration-ms="3220" status="PASS">
          <reporter-output>
          </reporter-output>
        </test-method> <!-- Baseclass -->
        <test-method signature="registration()[pri:0, instance:com.rediff.testng.Redifftest@1b1473ab]" started-at="2022-10-20T00:56:51 IST" name="registration" finished-at="2022-10-20T00:56:57 IST" duration-ms="6606" status="PASS">
          <reporter-output>
          </reporter-output>
        </test-method> <!-- registration -->
        <test-method is-config="true" signature="teardown()[pri:0, instance:com.rediff.testng.Redifftest@1b1473ab]" started-at="2022-10-20T00:56:57 IST" name="teardown" finished-at="2022-10-20T00:56:58 IST" duration-ms="257" status="PASS">
          <reporter-output>
          </reporter-output>
        </test-method> <!-- teardown -->
      </class> <!-- com.rediff.testng.Redifftest -->
    </test> <!-- Default test -->
  </suite> <!-- Default suite -->
</testng-results>
