<?xml version="1.0" encoding="UTF-8"?>
<testng-results ignored="0" total="1" passed="1" failed="0" skipped="0">
  <reporter-output>
  </reporter-output>
  <suite started-at="2022-12-10T15:14:24 IST" name="Default suite" finished-at="2022-12-10T15:14:51 IST" duration-ms="27011">
    <groups>
    </groups>
    <test started-at="2022-12-10T15:14:24 IST" name="Default test" finished-at="2022-12-10T15:14:51 IST" duration-ms="27011">
      <class name="com.groupfive.scripts.Industrial_Test">
        <test-method is-config="true" signature="onSetup()[pri:0, instance:com.groupfive.scripts.Industrial_Test@1e0b4072]" started-at="2022-12-10T15:14:24 IST" name="onSetup" finished-at="2022-12-10T15:14:40 IST" duration-ms="16590" status="PASS">
          <reporter-output>
          </reporter-output>
        </test-method> <!-- onSetup -->
        <test-method is-config="true" signature="login()[pri:0, instance:com.groupfive.scripts.Industrial_Test@1e0b4072]" started-at="2022-12-10T15:14:40 IST" name="login" finished-at="2022-12-10T15:14:41 IST" duration-ms="499" status="PASS">
          <reporter-output>
          </reporter-output>
        </test-method> <!-- login -->
        <test-method signature="Industrial()[pri:0, instance:com.groupfive.scripts.Industrial_Test@1e0b4072]" started-at="2022-12-10T15:14:41 IST" name="Industrial" finished-at="2022-12-10T15:14:51 IST" duration-ms="9907" status="PASS">
          <reporter-output>
          </reporter-output>
        </test-method> <!-- Industrial -->
      </class> <!-- com.groupfive.scripts.Industrial_Test -->
    </test> <!-- Default test -->
  </suite> <!-- Default suite -->
</testng-results>
