<?xml version="1.0" encoding="UTF-8"?>
<!-- Generated by org.testng.reporters.JUnitXMLReporter -->
<testsuite ignored="1" hostname="Arjuns-MBP.bbrouter" failures="0" tests="2" name="Test" time="23.345" errors="0" timestamp="2022-12-10T15:05:12 IST">
  <testcase classname="com.groupfive.scripts.Knowledge_Test" name="@BeforeMethod login" time="0.0">
    <failure type="java.lang.NullPointerException" message="Cannot invoke &amp;quot;org.openqa.selenium.SearchContext.findElement(org.openqa.selenium.By)&amp;quot; because &amp;quot;this.searchContext&amp;quot; is null">
      <![CDATA[java.lang.NullPointerException: Cannot invoke "org.openqa.selenium.SearchContext.findElement(org.openqa.selenium.By)" because "this.searchContext" is null
at org.openqa.selenium.support.pagefactory.DefaultElementLocator.findElement(DefaultElementLocator.java:70)
at org.openqa.selenium.support.pagefactory.internal.LocatingElementHandler.invoke(LocatingElementHandler.java:39)
at jdk.proxy2/jdk.proxy2.$Proxy17.click(Unknown Source)
at com.groupfive.pages.LoginPage.clickLoginbtn(LoginPage.java:30)
at com.groupfive.scripts.Knowledge_Test.login(Knowledge_Test.java:20)
at java.base/java.util.ArrayList.forEach(ArrayList.java:1511)
... Removed 31 stack frames]]>
    </failure>
  </testcase> <!-- @BeforeMethod login -->
  <testcase classname="com.groupfive.scripts.Knowledge_Test" name="@AfterMethod logout" time="-1.670664912352E9">
    <skipped/>
  </testcase> <!-- @AfterMethod logout -->
  <testcase classname="com.groupfive.scripts.ContactUs_Test" name="verifyContactUs" time="9.868"/>
  <testcase classname="com.groupfive.scripts.Knowledge_Test" name="Knowledge" time="0.0">
    <skipped/>
  </testcase> <!-- Knowledge -->
  <testcase classname="com.groupfive.scripts.Base" name="@BeforeTest onSetup" time="0.0">
    <ignored/>
  </testcase> <!-- @BeforeTest onSetup -->
</testsuite> <!-- Test -->
